<?xml version="1.0" encoding="UTF-8"?>
<testng-results skipped="0" failed="1" ignored="0" total="9" passed="8">
  <reporter-output>
  </reporter-output>
  <suite name="Default suite" duration-ms="9506" started-at="2017-12-04T07:24:05Z" finished-at="2017-12-04T07:24:14Z">
    <groups>
    </groups>
    <test name="Default test" duration-ms="9506" started-at="2017-12-04T07:24:05Z" finished-at="2017-12-04T07:24:14Z">
      <class name="com.inmegh_school.test.regression.VerifyDashboardPage_SC_002">
        <test-method status="PASS" signature="beforeSuite()[pri:0, instance:com.inmegh_school.test.regression.VerifyDashboardPage_SC_002@7ce026d3]" name="beforeSuite" is-config="true" duration-ms="574" started-at="2017-12-04T12:54:04Z" finished-at="2017-12-04T12:54:05Z">
          <reporter-output>
          </reporter-output>
        </test-method> <!-- beforeSuite -->
        <test-method status="PASS" signature="getDriver()[pri:0, instance:com.inmegh_school.test.regression.VerifyDashboardPage_SC_002@7ce026d3]" name="getDriver" is-config="true" duration-ms="5168" started-at="2017-12-04T12:54:05Z" finished-at="2017-12-04T12:54:10Z">
          <reporter-output>
          </reporter-output>
        </test-method> <!-- getDriver -->
        <test-method status="PASS" signature="register(java.lang.reflect.Method)[pri:0, instance:com.inmegh_school.test.regression.VerifyDashboardPage_SC_002@7ce026d3]" name="register" is-config="true" duration-ms="9" started-at="2017-12-04T12:54:10Z" finished-at="2017-12-04T12:54:10Z">
          <params>
            <param index="0">
              <value>
                <![CDATA[public void com.inmegh_school.test.regression.VerifyDashboardPage_SC_002.magicWandVerify_TC_001()]]>
              </value>
            </param>
          </params>
          <reporter-output>
          </reporter-output>
        </test-method> <!-- register -->
        <test-method status="PASS" signature="magicWandVerify_TC_001()[pri:1, instance:com.inmegh_school.test.regression.VerifyDashboardPage_SC_002@7ce026d3]" name="magicWandVerify_TC_001" duration-ms="732" started-at="2017-12-04T12:54:10Z" finished-at="2017-12-04T12:54:11Z">
          <reporter-output>
          </reporter-output>
        </test-method> <!-- magicWandVerify_TC_001 -->
        <test-method status="PASS" signature="captureStatus(org.testng.ITestResult)[pri:0, instance:com.inmegh_school.test.regression.VerifyDashboardPage_SC_002@7ce026d3]" name="captureStatus" is-config="true" duration-ms="2" started-at="2017-12-04T12:54:11Z" finished-at="2017-12-04T12:54:11Z">
          <params>
            <param index="0">
              <value>
                <![CDATA[[TestResult name=magicWandVerify_TC_001 status=SUCCESS method=VerifyDashboardPage_SC_002.magicWandVerify_TC_001()[pri:1, instance:com.inmegh_school.test.regression.VerifyDashboardPage_SC_002@7ce026d3] output={null}]]]>
              </value>
            </param>
          </params>
          <reporter-output>
          </reporter-output>
        </test-method> <!-- captureStatus -->
        <test-method status="PASS" signature="register(java.lang.reflect.Method)[pri:0, instance:com.inmegh_school.test.regression.VerifyDashboardPage_SC_002@7ce026d3]" name="register" is-config="true" duration-ms="1" started-at="2017-12-04T12:54:11Z" finished-at="2017-12-04T12:54:11Z">
          <params>
            <param index="0">
              <value>
                <![CDATA[public void com.inmegh_school.test.regression.VerifyDashboardPage_SC_002.adminDropdownVerify_TC_002()]]>
              </value>
            </param>
          </params>
          <reporter-output>
          </reporter-output>
        </test-method> <!-- register -->
        <test-method status="PASS" signature="adminDropdownVerify_TC_002()[pri:2, instance:com.inmegh_school.test.regression.VerifyDashboardPage_SC_002@7ce026d3]" name="adminDropdownVerify_TC_002" duration-ms="281" started-at="2017-12-04T12:54:11Z" finished-at="2017-12-04T12:54:11Z">
          <reporter-output>
          </reporter-output>
        </test-method> <!-- adminDropdownVerify_TC_002 -->
        <test-method status="PASS" signature="captureStatus(org.testng.ITestResult)[pri:0, instance:com.inmegh_school.test.regression.VerifyDashboardPage_SC_002@7ce026d3]" name="captureStatus" is-config="true" duration-ms="1" started-at="2017-12-04T12:54:11Z" finished-at="2017-12-04T12:54:11Z">
          <params>
            <param index="0">
              <value>
                <![CDATA[[TestResult name=adminDropdownVerify_TC_002 status=SUCCESS method=VerifyDashboardPage_SC_002.adminDropdownVerify_TC_002()[pri:2, instance:com.inmegh_school.test.regression.VerifyDashboardPage_SC_002@7ce026d3] output={null}]]]>
              </value>
            </param>
          </params>
          <reporter-output>
          </reporter-output>
        </test-method> <!-- captureStatus -->
        <test-method status="PASS" signature="register(java.lang.reflect.Method)[pri:0, instance:com.inmegh_school.test.regression.VerifyDashboardPage_SC_002@7ce026d3]" name="register" is-config="true" duration-ms="0" started-at="2017-12-04T12:54:11Z" finished-at="2017-12-04T12:54:11Z">
          <params>
            <param index="0">
              <value>
                <![CDATA[public void com.inmegh_school.test.regression.VerifyDashboardPage_SC_002.notificationVerify_TC_003()]]>
              </value>
            </param>
          </params>
          <reporter-output>
          </reporter-output>
        </test-method> <!-- register -->
        <test-method status="PASS" signature="notificationVerify_TC_003()[pri:3, instance:com.inmegh_school.test.regression.VerifyDashboardPage_SC_002@7ce026d3]" name="notificationVerify_TC_003" duration-ms="290" started-at="2017-12-04T12:54:11Z" finished-at="2017-12-04T12:54:11Z">
          <reporter-output>
          </reporter-output>
        </test-method> <!-- notificationVerify_TC_003 -->
        <test-method status="PASS" signature="captureStatus(org.testng.ITestResult)[pri:0, instance:com.inmegh_school.test.regression.VerifyDashboardPage_SC_002@7ce026d3]" name="captureStatus" is-config="true" duration-ms="1" started-at="2017-12-04T12:54:11Z" finished-at="2017-12-04T12:54:11Z">
          <params>
            <param index="0">
              <value>
                <![CDATA[[TestResult name=notificationVerify_TC_003 status=SUCCESS method=VerifyDashboardPage_SC_002.notificationVerify_TC_003()[pri:3, instance:com.inmegh_school.test.regression.VerifyDashboardPage_SC_002@7ce026d3] output={null}]]]>
              </value>
            </param>
          </params>
          <reporter-output>
          </reporter-output>
        </test-method> <!-- captureStatus -->
        <test-method status="PASS" signature="register(java.lang.reflect.Method)[pri:0, instance:com.inmegh_school.test.regression.VerifyDashboardPage_SC_002@7ce026d3]" name="register" is-config="true" duration-ms="0" started-at="2017-12-04T12:54:11Z" finished-at="2017-12-04T12:54:11Z">
          <params>
            <param index="0">
              <value>
                <![CDATA[public void com.inmegh_school.test.regression.VerifyDashboardPage_SC_002.rightToggleVerify_TC_004()]]>
              </value>
            </param>
          </params>
          <reporter-output>
          </reporter-output>
        </test-method> <!-- register -->
        <test-method status="PASS" signature="rightToggleVerify_TC_004()[pri:4, instance:com.inmegh_school.test.regression.VerifyDashboardPage_SC_002@7ce026d3]" name="rightToggleVerify_TC_004" duration-ms="111" started-at="2017-12-04T12:54:11Z" finished-at="2017-12-04T12:54:11Z">
          <reporter-output>
          </reporter-output>
        </test-method> <!-- rightToggleVerify_TC_004 -->
        <test-method status="PASS" signature="captureStatus(org.testng.ITestResult)[pri:0, instance:com.inmegh_school.test.regression.VerifyDashboardPage_SC_002@7ce026d3]" name="captureStatus" is-config="true" duration-ms="1" started-at="2017-12-04T12:54:11Z" finished-at="2017-12-04T12:54:11Z">
          <params>
            <param index="0">
              <value>
                <![CDATA[[TestResult name=rightToggleVerify_TC_004 status=SUCCESS method=VerifyDashboardPage_SC_002.rightToggleVerify_TC_004()[pri:4, instance:com.inmegh_school.test.regression.VerifyDashboardPage_SC_002@7ce026d3] output={null}]]]>
              </value>
            </param>
          </params>
          <reporter-output>
          </reporter-output>
        </test-method> <!-- captureStatus -->
        <test-method status="PASS" signature="register(java.lang.reflect.Method)[pri:0, instance:com.inmegh_school.test.regression.VerifyDashboardPage_SC_002@7ce026d3]" name="register" is-config="true" duration-ms="0" started-at="2017-12-04T12:54:11Z" finished-at="2017-12-04T12:54:11Z">
          <params>
            <param index="0">
              <value>
                <![CDATA[public void com.inmegh_school.test.regression.VerifyDashboardPage_SC_002.settingVerify_TC_005()]]>
              </value>
            </param>
          </params>
          <reporter-output>
          </reporter-output>
        </test-method> <!-- register -->
        <test-method status="PASS" signature="settingVerify_TC_005()[pri:5, instance:com.inmegh_school.test.regression.VerifyDashboardPage_SC_002@7ce026d3]" name="settingVerify_TC_005" duration-ms="438" started-at="2017-12-04T12:54:11Z" finished-at="2017-12-04T12:54:12Z">
          <reporter-output>
          </reporter-output>
        </test-method> <!-- settingVerify_TC_005 -->
        <test-method status="PASS" signature="captureStatus(org.testng.ITestResult)[pri:0, instance:com.inmegh_school.test.regression.VerifyDashboardPage_SC_002@7ce026d3]" name="captureStatus" is-config="true" duration-ms="0" started-at="2017-12-04T12:54:12Z" finished-at="2017-12-04T12:54:12Z">
          <params>
            <param index="0">
              <value>
                <![CDATA[[TestResult name=settingVerify_TC_005 status=SUCCESS method=VerifyDashboardPage_SC_002.settingVerify_TC_005()[pri:5, instance:com.inmegh_school.test.regression.VerifyDashboardPage_SC_002@7ce026d3] output={null}]]]>
              </value>
            </param>
          </params>
          <reporter-output>
          </reporter-output>
        </test-method> <!-- captureStatus -->
        <test-method status="PASS" signature="attendanceStatusVerify_TC_006()[pri:6, instance:com.inmegh_school.test.regression.VerifyDashboardPage_SC_002@7ce026d3]" name="attendanceStatusVerify_TC_006" duration-ms="372" started-at="2017-12-04T12:54:12Z" finished-at="2017-12-04T12:54:12Z">
          <reporter-output>
          </reporter-output>
        </test-method> <!-- attendanceStatusVerify_TC_006 -->
        <test-method status="PASS" signature="register(java.lang.reflect.Method)[pri:0, instance:com.inmegh_school.test.regression.VerifyDashboardPage_SC_002@7ce026d3]" name="register" is-config="true" duration-ms="0" started-at="2017-12-04T12:54:12Z" finished-at="2017-12-04T12:54:12Z">
          <params>
            <param index="0">
              <value>
                <![CDATA[public void com.inmegh_school.test.regression.VerifyDashboardPage_SC_002.attendanceStatusVerify_TC_006()]]>
              </value>
            </param>
          </params>
          <reporter-output>
          </reporter-output>
        </test-method> <!-- register -->
        <test-method status="PASS" signature="captureStatus(org.testng.ITestResult)[pri:0, instance:com.inmegh_school.test.regression.VerifyDashboardPage_SC_002@7ce026d3]" name="captureStatus" is-config="true" duration-ms="1" started-at="2017-12-04T12:54:12Z" finished-at="2017-12-04T12:54:12Z">
          <params>
            <param index="0">
              <value>
                <![CDATA[[TestResult name=attendanceStatusVerify_TC_006 status=SUCCESS method=VerifyDashboardPage_SC_002.attendanceStatusVerify_TC_006()[pri:6, instance:com.inmegh_school.test.regression.VerifyDashboardPage_SC_002@7ce026d3] output={null}]]]>
              </value>
            </param>
          </params>
          <reporter-output>
          </reporter-output>
        </test-method> <!-- captureStatus -->
        <test-method status="PASS" signature="financeStatusVerify_TC_007()[pri:7, instance:com.inmegh_school.test.regression.VerifyDashboardPage_SC_002@7ce026d3]" name="financeStatusVerify_TC_007" duration-ms="316" started-at="2017-12-04T12:54:12Z" finished-at="2017-12-04T12:54:12Z">
          <reporter-output>
          </reporter-output>
        </test-method> <!-- financeStatusVerify_TC_007 -->
        <test-method status="PASS" signature="register(java.lang.reflect.Method)[pri:0, instance:com.inmegh_school.test.regression.VerifyDashboardPage_SC_002@7ce026d3]" name="register" is-config="true" duration-ms="0" started-at="2017-12-04T12:54:12Z" finished-at="2017-12-04T12:54:12Z">
          <params>
            <param index="0">
              <value>
                <![CDATA[public void com.inmegh_school.test.regression.VerifyDashboardPage_SC_002.financeStatusVerify_TC_007()]]>
              </value>
            </param>
          </params>
          <reporter-output>
          </reporter-output>
        </test-method> <!-- register -->
        <test-method status="PASS" signature="captureStatus(org.testng.ITestResult)[pri:0, instance:com.inmegh_school.test.regression.VerifyDashboardPage_SC_002@7ce026d3]" name="captureStatus" is-config="true" duration-ms="0" started-at="2017-12-04T12:54:12Z" finished-at="2017-12-04T12:54:12Z">
          <params>
            <param index="0">
              <value>
                <![CDATA[[TestResult name=financeStatusVerify_TC_007 status=SUCCESS method=VerifyDashboardPage_SC_002.financeStatusVerify_TC_007()[pri:7, instance:com.inmegh_school.test.regression.VerifyDashboardPage_SC_002@7ce026d3] output={null}]]]>
              </value>
            </param>
          </params>
          <reporter-output>
          </reporter-output>
        </test-method> <!-- captureStatus -->
        <test-method status="PASS" signature="register(java.lang.reflect.Method)[pri:0, instance:com.inmegh_school.test.regression.VerifyDashboardPage_SC_002@7ce026d3]" name="register" is-config="true" duration-ms="1" started-at="2017-12-04T12:54:12Z" finished-at="2017-12-04T12:54:12Z">
          <params>
            <param index="0">
              <value>
                <![CDATA[public void com.inmegh_school.test.regression.VerifyDashboardPage_SC_002.sideToggleVerify_TC_008()]]>
              </value>
            </param>
          </params>
          <reporter-output>
          </reporter-output>
        </test-method> <!-- register -->
        <test-method status="PASS" signature="sideToggleVerify_TC_008()[pri:8, instance:com.inmegh_school.test.regression.VerifyDashboardPage_SC_002@7ce026d3]" name="sideToggleVerify_TC_008" duration-ms="344" started-at="2017-12-04T12:54:12Z" finished-at="2017-12-04T12:54:13Z">
          <reporter-output>
          </reporter-output>
        </test-method> <!-- sideToggleVerify_TC_008 -->
        <test-method status="PASS" signature="captureStatus(org.testng.ITestResult)[pri:0, instance:com.inmegh_school.test.regression.VerifyDashboardPage_SC_002@7ce026d3]" name="captureStatus" is-config="true" duration-ms="1" started-at="2017-12-04T12:54:13Z" finished-at="2017-12-04T12:54:13Z">
          <params>
            <param index="0">
              <value>
                <![CDATA[[TestResult name=sideToggleVerify_TC_008 status=SUCCESS method=VerifyDashboardPage_SC_002.sideToggleVerify_TC_008()[pri:8, instance:com.inmegh_school.test.regression.VerifyDashboardPage_SC_002@7ce026d3] output={null}]]]>
              </value>
            </param>
          </params>
          <reporter-output>
          </reporter-output>
        </test-method> <!-- captureStatus -->
        <test-method status="PASS" signature="register(java.lang.reflect.Method)[pri:0, instance:com.inmegh_school.test.regression.VerifyDashboardPage_SC_002@7ce026d3]" name="register" is-config="true" duration-ms="0" started-at="2017-12-04T12:54:13Z" finished-at="2017-12-04T12:54:13Z">
          <params>
            <param index="0">
              <value>
                <![CDATA[public void com.inmegh_school.test.regression.VerifyDashboardPage_SC_002.signOutVerify_TC_009()]]>
              </value>
            </param>
          </params>
          <reporter-output>
          </reporter-output>
        </test-method> <!-- register -->
        <test-method status="FAIL" signature="signOutVerify_TC_009()[pri:9, instance:com.inmegh_school.test.regression.VerifyDashboardPage_SC_002@7ce026d3]" name="signOutVerify_TC_009" duration-ms="12" started-at="2017-12-04T12:54:13Z" finished-at="2017-12-04T12:54:13Z">
          <exception class="java.lang.AssertionError">
            <message>
              <![CDATA[expected [true] but found [false]]]>
            </message>
            <full-stacktrace>
              <![CDATA[java.lang.AssertionError: expected [true] but found [false]
	at org.testng.Assert.fail(Assert.java:93)
	at org.testng.Assert.failNotEquals(Assert.java:512)
	at org.testng.Assert.assertTrue(Assert.java:41)
	at org.testng.Assert.assertTrue(Assert.java:51)
	at com.inmegh_school.test.regression.VerifyDashboardPage_SC_002.signOutVerify_TC_009(VerifyDashboardPage_SC_002.java:155)
	at sun.reflect.NativeMethodAccessorImpl.invoke0(Native Method)
	at sun.reflect.NativeMethodAccessorImpl.invoke(NativeMethodAccessorImpl.java:62)
	at sun.reflect.DelegatingMethodAccessorImpl.invoke(DelegatingMethodAccessorImpl.java:43)
	at java.lang.reflect.Method.invoke(Method.java:498)
	at org.testng.internal.MethodInvocationHelper.invokeMethod(MethodInvocationHelper.java:108)
	at org.testng.internal.Invoker.invokeMethod(Invoker.java:661)
	at org.testng.internal.Invoker.invokeTestMethod(Invoker.java:869)
	at org.testng.internal.Invoker.invokeTestMethods(Invoker.java:1193)
	at org.testng.internal.TestMethodWorker.invokeTestMethods(TestMethodWorker.java:126)
	at org.testng.internal.TestMethodWorker.run(TestMethodWorker.java:109)
	at org.testng.TestRunner.privateRun(TestRunner.java:744)
	at org.testng.TestRunner.run(TestRunner.java:602)
	at org.testng.SuiteRunner.runTest(SuiteRunner.java:380)
	at org.testng.SuiteRunner.runSequentially(SuiteRunner.java:375)
	at org.testng.SuiteRunner.privateRun(SuiteRunner.java:340)
	at org.testng.SuiteRunner.run(SuiteRunner.java:289)
	at org.testng.SuiteRunnerWorker.runSuite(SuiteRunnerWorker.java:52)
	at org.testng.SuiteRunnerWorker.run(SuiteRunnerWorker.java:86)
	at org.testng.TestNG.runSuitesSequentially(TestNG.java:1301)
	at org.testng.TestNG.runSuitesLocally(TestNG.java:1226)
	at org.testng.TestNG.runSuites(TestNG.java:1144)
	at org.testng.TestNG.run(TestNG.java:1115)
	at org.testng.remote.AbstractRemoteTestNG.run(AbstractRemoteTestNG.java:114)
	at org.testng.remote.RemoteTestNG.initAndRun(RemoteTestNG.java:251)
	at org.testng.remote.RemoteTestNG.main(RemoteTestNG.java:77)
]]>
            </full-stacktrace>
          </exception> <!-- java.lang.AssertionError -->
          <reporter-output>
          </reporter-output>
        </test-method> <!-- signOutVerify_TC_009 -->
        <test-method status="PASS" signature="captureStatus(org.testng.ITestResult)[pri:0, instance:com.inmegh_school.test.regression.VerifyDashboardPage_SC_002@7ce026d3]" name="captureStatus" is-config="true" duration-ms="294" started-at="2017-12-04T12:54:13Z" finished-at="2017-12-04T12:54:13Z">
          <params>
            <param index="0">
              <value>
                <![CDATA[[TestResult name=signOutVerify_TC_009 status=FAILURE method=VerifyDashboardPage_SC_002.signOutVerify_TC_009()[pri:9, instance:com.inmegh_school.test.regression.VerifyDashboardPage_SC_002@7ce026d3] output={null}]]]>
              </value>
            </param>
          </params>
          <reporter-output>
          </reporter-output>
        </test-method> <!-- captureStatus -->
        <test-method status="PASS" signature="tearDown()[pri:0, instance:com.inmegh_school.test.regression.VerifyDashboardPage_SC_002@7ce026d3]" name="tearDown" is-config="true" duration-ms="1049" started-at="2017-12-04T12:54:13Z" finished-at="2017-12-04T12:54:14Z">
          <reporter-output>
          </reporter-output>
        </test-method> <!-- tearDown -->
        <test-method status="PASS" signature="afterSuite()[pri:0, instance:com.inmegh_school.test.regression.VerifyDashboardPage_SC_002@7ce026d3]" name="afterSuite" is-config="true" duration-ms="410" started-at="2017-12-04T12:54:14Z" finished-at="2017-12-04T12:54:15Z">
          <reporter-output>
          </reporter-output>
        </test-method> <!-- afterSuite -->
      </class> <!-- com.inmegh_school.test.regression.VerifyDashboardPage_SC_002 -->
    </test> <!-- Default test -->
  </suite> <!-- Default suite -->
</testng-results>
